<?xml version="1.0" encoding="UTF-8"?>
<persistence xmlns="http://java.sun.com/xml/ns/persistence" version="2.0">

    <persistence-unit name="departmentDB">
        <!--<provider>org.eclipse.persistence.jpa.PersistenceProvider</provider>-->
        <jta-data-source>java:jboss/datasources/ExampleDS</jta-data-source>
        <class>com.custom.model.entity.Department</class>
        <class>com.custom.model.entity.DepartmentGroup</class>
        <class>com.custom.model.entity.Student</class>
        <properties>
            <property name="hibernate.hbm2ddl.auto" value="create-drop"/>
            <property name="hibernate.show_sql" value="true"/>
            <!--<property name="eclipselink.target-server" value="JBoss"/>-->
            <!--<property name="javax.persistence.schema-generation.database.action"-->
                      <!--value="create-tables"/>-->
        </properties>
    </persistence-unit>

</persistence>
